<?xml version="1.0" encoding="UTF-8"?>
<testsuite xmlns:xsi="http://www.w3.org/2001/XMLSchema-instance" xsi:noNamespaceSchemaLocation="https://maven.apache.org/surefire/maven-surefire-plugin/xsd/surefire-test-report-3.0.xsd" version="3.0" name="com.mycompany.assignment3.BoundedQueueTest" time="0.057" tests="5" errors="0" skipped="0" failures="0">
  <properties>
[...]
</properties>
  <testcase name="testEnQueue" classname="com.mycompany.assignment3.BoundedQueueTest" time="0.009">
    <system-out><![CDATA[enQueue
]]></system-out>
  </testcase>
  <testcase name="testToString" classname="com.mycompany.assignment3.BoundedQueueTest" time="0.0">
    <system-out><![CDATA[toString
]]></system-out>
  </testcase>
  <testcase name="testDeQueue" classname="com.mycompany.assignment3.BoundedQueueTest" time="0.0">
    <system-out><![CDATA[deQueue
]]></system-out>
  </testcase>
  <testcase name="testIsFull" classname="com.mycompany.assignment3.BoundedQueueTest" time="0.001">
    <system-out><![CDATA[isFull
]]></system-out>
  </testcase>
  <testcase name="testIsEmpty" classname="com.mycompany.assignment3.BoundedQueueTest" time="0.0">
    <system-out><![CDATA[isEmpty
]]></system-out>
  </testcase>
</testsuite>